<?xml version="1.0" encoding="UTF-8"?>
<!-- Generated by org.testng.reporters.JUnitXMLReporter -->
<testsuite hostname="sourceandroid" ignored="0" name="Default test" tests="3" failures="0" timestamp="07 Jan 2019 15:26:02 GMT" time="84.052" errors="0">
  <testcase name="verifyMenTitle" time="0.009" classname="com.qa.tests.MenTest"/>
  <testcase name="verifyProductSize" time="5.757" classname="com.qa.tests.MenTest"/>
  <testcase name="verifyfilterbybrand" time="47.978" classname="com.qa.tests.MenTest"/>
</testsuite> <!-- Default test -->
