<?xml version="1.0" encoding="UTF-8"?>
<!-- Generated by org.testng.reporters.JUnitXMLReporter -->
<testsuite hostname="sourceandroid" ignored="0" name="Default test" tests="3" failures="0" timestamp="07 Dec 2018 14:06:52 GMT" time="34.359" errors="0">
  <testcase name="homePageTitleTest" time="0.012" classname="com.qa.tests.HomeTest"/>
  <testcase name="utailerLogoTest" time="0.042" classname="com.qa.tests.HomeTest"/>
  <testcase name="verifyLoginLink" time="4.073" classname="com.qa.tests.HomeTest"/>
</testsuite> <!-- Default test -->
