<?xml version="1.0" encoding="UTF-8"?>
<testng-results skipped="0" failed="0" ignored="0" total="2" passed="2">
  <reporter-output>
  </reporter-output>
  <suite name="Suite" duration-ms="23228" started-at="2019-02-08T07:12:28Z" finished-at="2019-02-08T07:12:52Z">
    <groups>
    </groups>
    <test name="Test" duration-ms="23228" started-at="2019-02-08T07:12:28Z" finished-at="2019-02-08T07:12:52Z">
      <class name="com.qa.tests.LoginTest">
        <test-method status="PASS" signature="setUp()[pri:0, instance:com.qa.tests.LoginTest@47c62251]" name="setUp" is-config="true" duration-ms="14092" started-at="2019-02-08T12:42:28Z" finished-at="2019-02-08T12:42:43Z">
          <reporter-output>
          </reporter-output>
        </test-method> <!-- setUp -->
        <test-method status="PASS" signature="verifyLoginPageTitle()[pri:1, instance:com.qa.tests.LoginTest@47c62251]" name="verifyLoginPageTitle" duration-ms="12" started-at="2019-02-08T12:42:43Z" finished-at="2019-02-08T12:42:43Z">
          <reporter-output>
          </reporter-output>
        </test-method> <!-- verifyLoginPageTitle -->
        <test-method status="PASS" signature="loginTest()[pri:2, instance:com.qa.tests.LoginTest@47c62251]" name="loginTest" duration-ms="8427" started-at="2019-02-08T12:42:43Z" finished-at="2019-02-08T12:42:51Z">
          <reporter-output>
          </reporter-output>
        </test-method> <!-- loginTest -->
        <test-method status="PASS" signature="tearDown()[pri:0, instance:com.qa.tests.LoginTest@47c62251]" name="tearDown" is-config="true" duration-ms="671" started-at="2019-02-08T12:42:51Z" finished-at="2019-02-08T12:42:52Z">
          <reporter-output>
          </reporter-output>
        </test-method> <!-- tearDown -->
      </class> <!-- com.qa.tests.LoginTest -->
    </test> <!-- Test -->
  </suite> <!-- Suite -->
</testng-results>
