<?xml version="1.0" encoding="UTF-8"?>
<testng-results skipped="0" failed="0" ignored="0" total="3" passed="3">
  <reporter-output>
  </reporter-output>
  <suite name="Default suite" duration-ms="34359" started-at="2018-12-07T14:06:17Z" finished-at="2018-12-07T14:06:52Z">
    <groups>
    </groups>
    <test name="Default test" duration-ms="34359" started-at="2018-12-07T14:06:17Z" finished-at="2018-12-07T14:06:52Z">
      <class name="com.qa.tests.HomeTest">
        <test-method status="PASS" signature="setUp()[pri:0, instance:com.qa.tests.HomeTest@68c4039c]" name="setUp" is-config="true" duration-ms="9854" started-at="2018-12-07T19:36:17Z" finished-at="2018-12-07T19:36:27Z">
          <reporter-output>
          </reporter-output>
        </test-method> <!-- setUp -->
        <test-method status="PASS" signature="homePageTitleTest()[pri:1, instance:com.qa.tests.HomeTest@68c4039c]" name="homePageTitleTest" duration-ms="12" started-at="2018-12-07T19:36:27Z" finished-at="2018-12-07T19:36:27Z">
          <reporter-output>
          </reporter-output>
        </test-method> <!-- homePageTitleTest -->
        <test-method status="PASS" signature="tearDown()[pri:0, instance:com.qa.tests.HomeTest@68c4039c]" name="tearDown" is-config="true" duration-ms="598" started-at="2018-12-07T19:36:27Z" finished-at="2018-12-07T19:36:28Z">
          <reporter-output>
          </reporter-output>
        </test-method> <!-- tearDown -->
        <test-method status="PASS" signature="setUp()[pri:0, instance:com.qa.tests.HomeTest@68c4039c]" name="setUp" is-config="true" duration-ms="8918" started-at="2018-12-07T19:36:28Z" finished-at="2018-12-07T19:36:37Z">
          <reporter-output>
          </reporter-output>
        </test-method> <!-- setUp -->
        <test-method status="PASS" signature="utailerLogoTest()[pri:2, instance:com.qa.tests.HomeTest@68c4039c]" name="utailerLogoTest" duration-ms="42" started-at="2018-12-07T19:36:37Z" finished-at="2018-12-07T19:36:37Z">
          <reporter-output>
          </reporter-output>
        </test-method> <!-- utailerLogoTest -->
        <test-method status="PASS" signature="tearDown()[pri:0, instance:com.qa.tests.HomeTest@68c4039c]" name="tearDown" is-config="true" duration-ms="586" started-at="2018-12-07T19:36:37Z" finished-at="2018-12-07T19:36:37Z">
          <reporter-output>
          </reporter-output>
        </test-method> <!-- tearDown -->
        <test-method status="PASS" signature="setUp()[pri:0, instance:com.qa.tests.HomeTest@68c4039c]" name="setUp" is-config="true" duration-ms="9666" started-at="2018-12-07T19:36:37Z" finished-at="2018-12-07T19:36:47Z">
          <reporter-output>
          </reporter-output>
        </test-method> <!-- setUp -->
        <test-method status="PASS" signature="verifyLoginLink()[pri:3, instance:com.qa.tests.HomeTest@68c4039c]" name="verifyLoginLink" duration-ms="4073" started-at="2018-12-07T19:36:47Z" finished-at="2018-12-07T19:36:51Z">
          <reporter-output>
          </reporter-output>
        </test-method> <!-- verifyLoginLink -->
        <test-method status="PASS" signature="tearDown()[pri:0, instance:com.qa.tests.HomeTest@68c4039c]" name="tearDown" is-config="true" duration-ms="588" started-at="2018-12-07T19:36:51Z" finished-at="2018-12-07T19:36:52Z">
          <reporter-output>
          </reporter-output>
        </test-method> <!-- tearDown -->
      </class> <!-- com.qa.tests.HomeTest -->
    </test> <!-- Default test -->
  </suite> <!-- Default suite -->
</testng-results>
